#
# There is insufficient memory for the Java Runtime Environment to continue.
# Native memory allocation (malloc) failed to allocate 46137344 bytes for committing reserved memory.
# Possible reasons:
#   The system is out of physical RAM or swap space
#   In 32 bit mode, the process size limit was hit
# Possible solutions:
#   Reduce memory load on the system
#   Increase physical memory or swap space
#   Check if swap backing store is full
#   Use 64 bit Java on a 64 bit OS
#   Decrease Java heap size (-Xmx/-Xms)
#   Decrease number of Java threads
#   Decrease Java thread stack sizes (-Xss)
#   Set larger code cache with -XX:ReservedCodeCacheSize=
# This output file may be truncated or incomplete.
#
#  Out of Memory Error (os_linux.cpp:2809), pid=12664, tid=1743579968
#
# JRE version: OpenJDK Runtime Environment (7.0_79-b14) (build 1.7.0_79-b14)
# Java VM: OpenJDK Server VM (24.79-b02 mixed mode linux-x86 )
# Derivative: IcedTea 2.5.5
# Distribution: Ubuntu 14.10, package 7u79-2.5.5-0ubuntu0.14.10.2
# Failed to write core dump. Core dumps have been disabled. To enable core dumping, try "ulimit -c unlimited" before starting Java again
#

---------------  T H R E A D  ---------------

Current thread (0x67d10400):  VMThread [stack: 0x67e4e000,0x67ecf000] [id=12693]

Stack: [0x67e4e000,0x67ecf000]
VM_Operation (0xb63be804): ParallelGCFailedAllocation, mode: safepoint, requested by thread 0xb6207800


---------------  P R O C E S S  ---------------

Java Threads: ( => current thread )
  0x67d2b800 JavaThread "Service Thread" daemon [_thread_blocked, id=12705, stack(0x6790b000,0x6795c000)]
  0x67d29c00 JavaThread "C2 CompilerThread1" daemon [_thread_blocked, id=12704, stack(0x6795c000,0x679dd000)]
  0x67d27c00 JavaThread "C2 CompilerThread0" daemon [_thread_blocked, id=12701, stack(0x679dd000,0x67a5e000)]
  0x67d26000 JavaThread "Signal Dispatcher" daemon [_thread_blocked, id=12700, stack(0x67a5e000,0x67aaf000)]
  0x67d14400 JavaThread "Finalizer" daemon [_thread_blocked, id=12697, stack(0x67caf000,0x67d00000)]
  0x67d12800 JavaThread "Reference Handler" daemon [_thread_blocked, id=12696, stack(0x6aa0b000,0x6aa5c000)]
  0xb6207800 JavaThread "main" [_thread_blocked, id=12683, stack(0xb636f000,0xb63c0000)]

Other Threads:
=>0x67d10400 VMThread [stack: 0x67e4e000,0x67ecf000] [id=12693]
  0x67d2d400 WatcherThread [stack: 0x6788a000,0x6790b000] [id=12708]

VM state:at safepoint (normal execution)

VM Mutex/Monitor currently owned by a thread:  ([mutex/lock_event])
[0xb6205030] Threads_lock - owner thread: 0x67d10400
[0xb6205440] Heap_lock - owner thread: 0xb6207800

Heap
 PSYoungGen      total 69888K, used 9211K [0x9db80000, 0xa2a80000, 0xb3100000)
  eden space 60672K, 0% used [0x9db80000,0x9db80000,0xa16c0000)
  from space 9216K, 99% used [0xa16c0000,0xa1fbeef8,0xa1fc0000)
  to   space 7424K, 0% used [0xa1fc0000,0xa1fc0000,0xa2700000)
 ParOldGen       total 24064K, used 24058K [0x73100000, 0x74880000, 0x9db80000)
  object space 24064K, 99% used [0x73100000,0x7487e9e0,0x74880000)
 PSPermGen       total 16384K, used 3929K [0x6b100000, 0x6c100000, 0x73100000)
  object space 16384K, 23% used [0x6b100000,0x6b4d6408,0x6c100000)

Card table byte_map: [0x6aebf000,0x6b100000] byte_map_base: 0x6ab66800

Polling page: 0xb76d6000

Code Cache  [0xb31e7000, 0xb3427000, 0xb61e7000)
 total_blobs=721 nmethods=602 adapters=73 free_code_cache=47071Kb largest_free_block=48175168

Compilation events (10 events):
Event: 24.643 Thread 0x67d29c00  607             java.util.TreeMap::values (27 bytes)
Event: 24.644 Thread 0x67d29c00 nmethod 607 0xb327a688 code [0xb327a780, 0xb327a830]
Event: 24.644 Thread 0x67d29c00  608             java.util.HashMap$HashIterator::nextEntry (99 bytes)
Event: 24.658 Thread 0x67d29c00 nmethod 608 0xb327a288 code [0xb327a380, 0xb327a590]
Event: 24.659 Thread 0x67d29c00  609             com.android.dx.dex.file.Section::validateAlignment (23 bytes)
Event: 24.659 Thread 0x67d29c00 nmethod 609 0xb327a088 code [0xb327a180, 0xb327a1d0]
Event: 24.659 Thread 0x67d29c00  610             com.android.dx.cf.code.ConcreteMethod::getCatches (8 bytes)
Event: 24.660 Thread 0x67d29c00 nmethod 610 0xb33e5488 code [0xb33e5580, 0xb33e55d0]
Event: 24.660 Thread 0x67d29c00  611             com.android.dx.rop.cst.CstNat::getName (5 bytes)
Event: 24.660 Thread 0x67d29c00 nmethod 611 0xb33e5308 code [0xb33e53e0, 0xb33e5430]

GC Heap History (10 events):
Event: 14.166 GC heap after
Heap after GC invocations=4 (full 0):
 PSYoungGen      total 17152K, used 1279K [0x9db80000, 0x9ed80000, 0xb3100000)
  eden space 15872K, 0% used [0x9db80000,0x9db80000,0x9eb00000)
  from space 1280K, 99% used [0x9ec40000,0x9ed7fcb8,0x9ed80000)
  to   space 1280K, 0% used [0x9eb00000,0x9eb00000,0x9ec40000)
 ParOldGen       total 20992K, used 5545K [0x73100000, 0x74580000, 0x9db80000)
  object space 20992K, 26% used [0x73100000,0x7366a760,0x74580000)
 PSPermGen       total 16384K, used 3840K [0x6b100000, 0x6c100000, 0x73100000)
  object space 16384K, 23% used [0x6b100000,0x6b4c01c8,0x6c100000)
}
Event: 15.416 GC heap before
{Heap before GC invocations=5 (full 0):
 PSYoungGen      total 17152K, used 17151K [0x9db80000, 0x9ed80000, 0xb3100000)
  eden space 15872K, 100% used [0x9db80000,0x9eb00000,0x9eb00000)
  from space 1280K, 99% used [0x9ec40000,0x9ed7fcb8,0x9ed80000)
  to   space 1280K, 0% used [0x9eb00000,0x9eb00000,0x9ec40000)
 ParOldGen       total 20992K, used 5545K [0x73100000, 0x74580000, 0x9db80000)
  object space 20992K, 26% used [0x73100000,0x7366a760,0x74580000)
 PSPermGen       total 16384K, used 3860K [0x6b100000, 0x6c100000, 0x73100000)
  object space 16384K, 23% used [0x6b100000,0x6b4c50b0,0x6c100000)
Event: 15.445 GC heap after
Heap after GC invocations=5 (full 0):
 PSYoungGen      total 17152K, used 1279K [0x9db80000, 0xa0280000, 0xb3100000)
  eden space 15872K, 0% used [0x9db80000,0x9db80000,0x9eb00000)
  from space 1280K, 99% used [0x9eb00000,0x9ec3ff38,0x9ec40000)
  to   space 4096K, 0% used [0x9fe80000,0x9fe80000,0xa0280000)
 ParOldGen       total 20992K, used 8473K [0x73100000, 0x74580000, 0x9db80000)
  object space 20992K, 40% used [0x73100000,0x739465e0,0x74580000)
 PSPermGen       total 16384K, used 3860K [0x6b100000, 0x6c100000, 0x73100000)
  object space 16384K, 23% used [0x6b100000,0x6b4c50b0,0x6c100000)
}
Event: 16.596 GC heap before
{Heap before GC invocations=6 (full 0):
 PSYoungGen      total 17152K, used 17151K [0x9db80000, 0xa0280000, 0xb3100000)
  eden space 15872K, 100% used [0x9db80000,0x9eb00000,0x9eb00000)
  from space 1280K, 99% used [0x9eb00000,0x9ec3ff38,0x9ec40000)
  to   space 4096K, 0% used [0x9fe80000,0x9fe80000,0xa0280000)
 ParOldGen       total 20992K, used 8473K [0x73100000, 0x74580000, 0x9db80000)
  object space 20992K, 40% used [0x73100000,0x739465e0,0x74580000)
 PSPermGen       total 16384K, used 3876K [0x6b100000, 0x6c100000, 0x73100000)
  object space 16384K, 23% used [0x6b100000,0x6b4c9030,0x6c100000)
Event: 16.663 GC heap after
Heap after GC invocations=6 (full 0):
 PSYoungGen      total 35328K, used 4088K [0x9db80000, 0xa0380000, 0xb3100000)
  eden space 31232K, 0% used [0x9db80000,0x9db80000,0x9fa00000)
  from space 4096K, 99% used [0x9fe80000,0xa027e348,0xa0280000)
  to   space 4608K, 0% used [0x9fa00000,0x9fa00000,0x9fe80000)
 ParOldGen       total 20992K, used 8654K [0x73100000, 0x74580000, 0x9db80000)
  object space 20992K, 41% used [0x73100000,0x73973878,0x74580000)
 PSPermGen       total 16384K, used 3876K [0x6b100000, 0x6c100000, 0x73100000)
  object space 16384K, 23% used [0x6b100000,0x6b4c9030,0x6c100000)
}
Event: 19.329 GC heap before
{Heap before GC invocations=7 (full 0):
 PSYoungGen      total 35328K, used 35320K [0x9db80000, 0xa0380000, 0xb3100000)
  eden space 31232K, 100% used [0x9db80000,0x9fa00000,0x9fa00000)
  from space 4096K, 99% used [0x9fe80000,0xa027e348,0xa0280000)
  to   space 4608K, 0% used [0x9fa00000,0x9fa00000,0x9fe80000)
 ParOldGen       total 20992K, used 8654K [0x73100000, 0x74580000, 0x9db80000)
  object space 20992K, 41% used [0x73100000,0x73973878,0x74580000)
 PSPermGen       total 16384K, used 3895K [0x6b100000, 0x6c100000, 0x73100000)
  object space 16384K, 23% used [0x6b100000,0x6b4cdd50,0x6c100000)
Event: 19.471 GC heap after
Heap after GC invocations=7 (full 0):
 PSYoungGen      total 35840K, used 4597K [0x9db80000, 0xa2700000, 0xb3100000)
  eden space 31232K, 0% used [0x9db80000,0x9db80000,0x9fa00000)
  from space 4608K, 99% used [0x9fa00000,0x9fe7d460,0x9fe80000)
  to   space 7424K, 0% used [0xa1fc0000,0xa1fc0000,0xa2700000)
 ParOldGen       total 20992K, used 13393K [0x73100000, 0x74580000, 0x9db80000)
  object space 20992K, 63% used [0x73100000,0x73e14528,0x74580000)
 PSPermGen       total 16384K, used 3895K [0x6b100000, 0x6c100000, 0x73100000)
  object space 16384K, 23% used [0x6b100000,0x6b4cdd50,0x6c100000)
}
Event: 21.609 GC heap before
{Heap before GC invocations=8 (full 0):
 PSYoungGen      total 35840K, used 35829K [0x9db80000, 0xa2700000, 0xb3100000)
  eden space 31232K, 100% used [0x9db80000,0x9fa00000,0x9fa00000)
  from space 4608K, 99% used [0x9fa00000,0x9fe7d460,0x9fe80000)
  to   space 7424K, 0% used [0xa1fc0000,0xa1fc0000,0xa2700000)
 ParOldGen       total 20992K, used 13393K [0x73100000, 0x74580000, 0x9db80000)
  object space 20992K, 63% used [0x73100000,0x73e14528,0x74580000)
 PSPermGen       total 16384K, used 3913K [0x6b100000, 0x6c100000, 0x73100000)
  object space 16384K, 23% used [0x6b100000,0x6b4d2790,0x6c100000)
Event: 21.733 GC heap after
Heap after GC invocations=8 (full 0):
 PSYoungGen      total 68096K, used 7422K [0x9db80000, 0xa2a80000, 0xb3100000)
  eden space 60672K, 0% used [0x9db80000,0x9db80000,0xa16c0000)
  from space 7424K, 99% used [0xa1fc0000,0xa26ff920,0xa2700000)
  to   space 9216K, 0% used [0xa16c0000,0xa16c0000,0xa1fc0000)
 ParOldGen       total 20992K, used 15153K [0x73100000, 0x74580000, 0x9db80000)
  object space 20992K, 72% used [0x73100000,0x73fcc738,0x74580000)
 PSPermGen       total 16384K, used 3913K [0x6b100000, 0x6c100000, 0x73100000)
  object space 16384K, 23% used [0x6b100000,0x6b4d2790,0x6c100000)
}
Event: 24.666 GC heap before
{Heap before GC invocations=9 (full 0):
 PSYoungGen      total 68096K, used 68094K [0x9db80000, 0xa2a80000, 0xb3100000)
  eden space 60672K, 100% used [0x9db80000,0xa16c0000,0xa16c0000)
  from space 7424K, 99% used [0xa1fc0000,0xa26ff920,0xa2700000)
  to   space 9216K, 0% used [0xa16c0000,0xa16c0000,0xa1fc0000)
 ParOldGen       total 20992K, used 15153K [0x73100000, 0x74580000, 0x9db80000)
  object space 20992K, 72% used [0x73100000,0x73fcc738,0x74580000)
 PSPermGen       total 16384K, used 3929K [0x6b100000, 0x6c100000, 0x73100000)
  object space 16384K, 23% used [0x6b100000,0x6b4d6408,0x6c100000)

Deoptimization events (10 events):
Event: 17.438 Thread 0xb6207800 Uncommon trap: reason=unreached action=reinterpret pc=0xb324a214 method=com.android.dx.rop.cst.Constant.compareTo(Lcom/android/dx/rop/cst/Constant;)I @ 12
Event: 18.496 Thread 0xb6207800 Uncommon trap: reason=null_check action=make_not_entrant pc=0xb332e5a0 method=com.android.dx.dex.file.FieldIdsSection.intern(Lcom/android/dx/rop/cst/CstFieldRef;)Lcom/android/dx/dex/file/FieldIdItem; @ 26
Event: 18.798 Thread 0xb6207800 Uncommon trap: reason=unreached action=reinterpret pc=0xb327b04c method=com.android.dx.ssa.LocalVariableExtractor.processBlock(I)V @ 251
Event: 20.677 Thread 0xb6207800 Uncommon trap: reason=null_check action=make_not_entrant pc=0xb32f76f4 method=com.android.dx.rop.type.Type.equals(Ljava/lang/Object;)Z @ 8
Event: 21.212 Thread 0xb6207800 Uncommon trap: reason=bimorphic action=maybe_recompile pc=0xb3308088 method=com.android.dx.cf.code.BytecodeArray.parseInstruction(ILcom/android/dx/cf/code/BytecodeArray$Visitor;)I @ 1987
Event: 21.213 Thread 0xb6207800 Uncommon trap: reason=bimorphic action=maybe_recompile pc=0xb3308088 method=com.android.dx.cf.code.BytecodeArray.parseInstruction(ILcom/android/dx/cf/code/BytecodeArray$Visitor;)I @ 1987
Event: 21.213 Thread 0xb6207800 Uncommon trap: reason=bimorphic action=maybe_recompile pc=0xb3369214 method=com.android.dx.cf.code.RopperMachine.run(Lcom/android/dx/cf/code/Frame;II)V @ 310
Event: 22.945 Thread 0xb6207800 Uncommon trap: reason=bimorphic action=maybe_recompile pc=0xb3307dec method=com.android.dx.cf.code.BytecodeArray.parseInstruction(ILcom/android/dx/cf/code/BytecodeArray$Visitor;)I @ 1597
Event: 22.945 Thread 0xb6207800 Uncommon trap: reason=bimorphic action=maybe_recompile pc=0xb3307dec method=com.android.dx.cf.code.BytecodeArray.parseInstruction(ILcom/android/dx/cf/code/BytecodeArray$Visitor;)I @ 1597
Event: 22.988 Thread 0xb6207800 Uncommon trap: reason=null_check action=make_not_entrant pc=0xb33bcf90 method=com.android.dx.dex.cf.AttributeTranslator.getSignature(Lcom/android/dx/cf/iface/AttributeList;)Lcom/android/dx/rop/annotation/Annotation; @ 8

Internal exceptions (10 events):
Event: 9.902 Thread 0xb6207800 Threw 0x9dca3c30 at /build/buildd/openjdk-7-7u79-2.5.5/build/openjdk/hotspot/src/share/vm/prims/jvm.cpp:1284
Event: 10.261 Thread 0xb6207800 Implicit null exception at 0xb324a69c to 0xb324a821
Event: 10.847 Thread 0xb6207800 Threw 0x9de3d708 at /build/buildd/openjdk-7-7u79-2.5.5/build/openjdk/hotspot/src/share/vm/prims/jvm.cpp:1284
Event: 13.515 Thread 0xb6207800 Implicit null exception at 0xb3275af9 to 0xb32767cd
Event: 13.746 Thread 0xb6207800 Threw 0x9e039608 at /build/buildd/openjdk-7-7u79-2.5.5/build/openjdk/hotspot/src/share/vm/prims/jvm.cpp:1284
Event: 16.918 Thread 0xb6207800 Implicit null exception at 0xb32f1ee2 to 0xb32f24b1
Event: 20.677 Thread 0xb6207800 Implicit null exception at 0xb32f7660 to 0xb32f76e6
Event: 21.036 Thread 0xb6207800 Threw 0x9ef33d28 at /build/buildd/openjdk-7-7u79-2.5.5/build/openjdk/hotspot/src/share/vm/prims/jvm.cpp:1284
Event: 22.459 Thread 0xb6207800 Threw 0x9e96dff0 at /build/buildd/openjdk-7-7u79-2.5.5/build/openjdk/hotspot/src/share/vm/prims/jvm.cpp:1284
Event: 22.988 Thread 0xb6207800 Implicit null exception at 0xb33bbaa8 to 0xb33bcf55

Events (10 events):
Event: 22.945 Thread 0xb6207800 DEOPT PACKING pc=0xb3307dec sp=0xb63be960
Event: 22.945 Thread 0xb6207800 DEOPT UNPACKING pc=0xb3213bc8 sp=0xb63be970 mode 2
Event: 22.945 Thread 0xb6207800 Uncommon trap: trap_request=0xffffffc6 fr.pc=0xb3307dec
Event: 22.945 Thread 0xb6207800 DEOPT PACKING pc=0xb3307dec sp=0xb63be980
Event: 22.945 Thread 0xb6207800 DEOPT UNPACKING pc=0xb3213bc8 sp=0xb63be990 mode 2
Event: 22.988 Thread 0xb6207800 Uncommon trap: trap_request=0xfffffff4 fr.pc=0xb33bcf90
Event: 22.988 Thread 0xb6207800 DEOPT PACKING pc=0xb33bcf90 sp=0xb63bec70
Event: 22.988 Thread 0xb6207800 DEOPT UNPACKING pc=0xb3213bc8 sp=0xb63bebb8 mode 2
Event: 24.572 Thread 0x67d29c00 flushing nmethod 0xb327a088
Event: 24.666 Executing VM operation: ParallelGCFailedAllocation


Dynamic libraries:
08048000-08049000 r-xp 00000000 08:01 1485       /usr/lib/jvm/java-7-openjdk-i386/jre/bin/java
08049000-0804a000 r--p 00000000 08:01 1485       /usr/lib/jvm/java-7-openjdk-i386/jre/bin/java
0804a000-0804b000 rw-p 00001000 08:01 1485       /usr/lib/jvm/java-7-openjdk-i386/jre/bin/java
08eb7000-09722000 rw-p 00000000 00:00 0          [heap]
66b00000-66bf6000 rw-p 00000000 00:00 0 
66bf6000-66c00000 ---p 00000000 00:00 0 
66d00000-66dfe000 rw-p 00000000 00:00 0 
66dfe000-66e00000 ---p 00000000 00:00 0 
66f00000-66ffa000 rw-p 00000000 00:00 0 
66ffa000-67000000 ---p 00000000 00:00 0 
67000000-670fa000 rw-p 00000000 00:00 0 
670fa000-67100000 ---p 00000000 00:00 0 
67100000-671ff000 rw-p 00000000 00:00 0 
671ff000-67200000 ---p 00000000 00:00 0 
67273000-67300000 rw-p 00000000 00:00 0 
67300000-67352000 rw-p 00000000 00:00 0 
67352000-67400000 ---p 00000000 00:00 0 
67488000-674f7000 r-xp 00000000 08:01 2490593    /lib/i386-linux-gnu/libpcre.so.3.13.1
674f7000-674f8000 r--p 0006e000 08:01 2490593    /lib/i386-linux-gnu/libpcre.so.3.13.1
674f8000-674f9000 rw-p 0006f000 08:01 2490593    /lib/i386-linux-gnu/libpcre.so.3.13.1
674f9000-6750c000 r-xp 00000000 08:01 2490413    /lib/i386-linux-gnu/libresolv-2.19.so
6750c000-6750d000 r--p 00013000 08:01 2490413    /lib/i386-linux-gnu/libresolv-2.19.so
6750d000-6750e000 rw-p 00014000 08:01 2490413    /lib/i386-linux-gnu/libresolv-2.19.so
6750e000-67510000 rw-p 00000000 00:00 0 
67510000-67534000 r-xp 00000000 08:01 2490591    /lib/i386-linux-gnu/libselinux.so.1
67534000-67535000 r--p 00023000 08:01 2490591    /lib/i386-linux-gnu/libselinux.so.1
67535000-67536000 rw-p 00024000 08:01 2490591    /lib/i386-linux-gnu/libselinux.so.1
67536000-67537000 rw-p 00000000 00:00 0 
67537000-6765c000 r-xp 00000000 08:01 2501326    /lib/i386-linux-gnu/libglib-2.0.so.0.4200.1
6765c000-6765d000 r--p 00124000 08:01 2501326    /lib/i386-linux-gnu/libglib-2.0.so.0.4200.1
6765d000-6765e000 rw-p 00125000 08:01 2501326    /lib/i386-linux-gnu/libglib-2.0.so.0.4200.1
6765e000-676b9000 r-xp 00000000 08:01 4592628    /usr/lib/i386-linux-gnu/libgobject-2.0.so.0.4200.1
676b9000-676ba000 r--p 0005b000 08:01 4592628    /usr/lib/i386-linux-gnu/libgobject-2.0.so.0.4200.1
676ba000-676bb000 rw-p 0005c000 08:01 4592628    /usr/lib/i386-linux-gnu/libgobject-2.0.so.0.4200.1
676bb000-6786c000 r-xp 00000000 08:01 4592626    /usr/lib/i386-linux-gnu/libgio-2.0.so.0.4200.1
6786c000-6786f000 r--p 001b0000 08:01 4592626    /usr/lib/i386-linux-gnu/libgio-2.0.so.0.4200.1
6786f000-67870000 rw-p 001b3000 08:01 4592626    /usr/lib/i386-linux-gnu/libgio-2.0.so.0.4200.1
67870000-67871000 rw-p 00000000 00:00 0 
6788a000-6788b000 ---p 00000000 00:00 0 
6788b000-6795c000 rwxp 00000000 00:00 0          [stack:12705]
6795c000-6795d000 ---p 00000000 00:00 0 
6795d000-679dd000 rwxp 00000000 00:00 0          [stack:12704]
679dd000-679de000 ---p 00000000 00:00 0 
679de000-67aaf000 rwxp 00000000 00:00 0          [stack:12700]
67aaf000-67caf000 r--p 00000000 08:01 4594344    /usr/lib/locale/locale-archive
67caf000-67d00000 rwxp 00000000 00:00 0          [stack:12697]
67d00000-67df9000 rw-p 00000000 00:00 0 
67df9000-67e00000 ---p 00000000 00:00 0 
67e0b000-67e21000 r-xp 00000000 08:01 4601684    /usr/lib/jvm/java-7-openjdk-i386/jre/lib/i386/libnet.so
67e21000-67e22000 r--p 00015000 08:01 4601684    /usr/lib/jvm/java-7-openjdk-i386/jre/lib/i386/libnet.so
67e22000-67e23000 rw-p 00016000 08:01 4601684    /usr/lib/jvm/java-7-openjdk-i386/jre/lib/i386/libnet.so
67e23000-67e4e000 r--s 001fc000 08:01 2621812    /home/musikdk/.gradle/caches/modules-2/files-2.1/com.google.guava/guava/18.0/cce0823396aa693798f8882e64213b1772032b09/guava-18.0.jar
67e4e000-67e4f000 ---p 00000000 00:00 0 
67e4f000-67ecf000 rwxp 00000000 00:00 0          [stack:12693]
67ecf000-68080000 r--s 01d27000 08:01 4601736    /usr/lib/jvm/java-7-openjdk-i386/jre/lib/rt.jar
68080000-6a900000 rw-p 00000000 00:00 0 
6a900000-6a9f9000 rw-p 00000000 00:00 0 
6a9f9000-6aa00000 ---p 00000000 00:00 0 
6aa02000-6aa08000 r-xp 00000000 08:01 4589058    /usr/lib/i386-linux-gnu/libffi.so.6.0.2
6aa08000-6aa0a000 r--p 00005000 08:01 4589058    /usr/lib/i386-linux-gnu/libffi.so.6.0.2
6aa0a000-6aa0b000 rw-p 00007000 08:01 4589058    /usr/lib/i386-linux-gnu/libffi.so.6.0.2
6aa0b000-6aa5c000 rwxp 00000000 00:00 0          [stack:12696]
6aa5c000-6ab00000 rw-p 00000000 00:00 0 
6ab00000-6ab21000 rw-p 00000000 00:00 0 
6ab21000-6ac00000 ---p 00000000 00:00 0 
6ac07000-6ac17000 r-xp 00000000 08:01 4601678    /usr/lib/jvm/java-7-openjdk-i386/jre/lib/i386/libnio.so
6ac17000-6ac18000 r--p 0000f000 08:01 4601678    /usr/lib/jvm/java-7-openjdk-i386/jre/lib/i386/libnio.so
6ac18000-6ac19000 rw-p 00010000 08:01 4601678    /usr/lib/jvm/java-7-openjdk-i386/jre/lib/i386/libnio.so
6ac19000-6ac27000 r--s 000cf000 08:01 3161431    /home/musikdk/Android/Sdk/build-tools/19.1.0/lib/dx.jar
6ac27000-6ac28000 ---p 00000000 00:00 0 
6ac28000-6aca8000 rwxp 00000000 00:00 0          [stack:12686]
6aca8000-6aca9000 ---p 00000000 00:00 0 
6aca9000-6ad29000 rwxp 00000000 00:00 0          [stack:12685]
6ad29000-6ad31000 rw-p 00000000 00:00 0 
6ad31000-6ad69000 rw-p 00000000 00:00 0 
6ad69000-6ad75000 rw-p 00000000 00:00 0 
6ad75000-6aebf000 rw-p 00000000 00:00 0 
6aebf000-6aec7000 rw-p 00000000 00:00 0 
6aec7000-6aeff000 rw-p 00000000 00:00 0 
6aeff000-6af0b000 rw-p 00000000 00:00 0 
6af0b000-6b054000 rw-p 00000000 00:00 0 
6b054000-6b07c000 rw-p 00000000 00:00 0 
6b07c000-6b0ff000 rw-p 00000000 00:00 0 
6b0ff000-6c100000 rw-p 00000000 00:00 0 
6c100000-73100000 rw-p 00000000 00:00 0 
73100000-74880000 rw-p 00000000 00:00 0 
74880000-9db80000 rw-p 00000000 00:00 0 
9db80000-a2a80000 rw-p 00000000 00:00 0 
a5680000-b3100000 rw-p 00000000 00:00 0 
b3103000-b3106000 r-xp 00000000 08:01 4592624    /usr/lib/i386-linux-gnu/libgmodule-2.0.so.0.4200.1
b3106000-b3107000 r--p 00002000 08:01 4592624    /usr/lib/i386-linux-gnu/libgmodule-2.0.so.0.4200.1
b3107000-b3108000 rw-p 00003000 08:01 4592624    /usr/lib/i386-linux-gnu/libgmodule-2.0.so.0.4200.1
b3108000-b310c000 r--s 0003c000 08:01 1255       /usr/lib/jvm/java-7-openjdk-i386/jre/lib/ext/sunpkcs11.jar
b310c000-b3130000 rw-p 00000000 00:00 0 
b3130000-b31e7000 rw-p 00000000 00:00 0 
b31e7000-b3427000 rwxp 00000000 00:00 0 
b3427000-b61e7000 rw-p 00000000 00:00 0 
b61e7000-b61f2000 r-xp 00000000 08:01 2490406    /lib/i386-linux-gnu/libnss_files-2.19.so
b61f2000-b61f3000 r--p 0000a000 08:01 2490406    /lib/i386-linux-gnu/libnss_files-2.19.so
b61f3000-b61f4000 rw-p 0000b000 08:01 2490406    /lib/i386-linux-gnu/libnss_files-2.19.so
b61f4000-b61fe000 r-xp 00000000 08:01 2490396    /lib/i386-linux-gnu/libnss_nis-2.19.so
b61fe000-b61ff000 r--p 00009000 08:01 2490396    /lib/i386-linux-gnu/libnss_nis-2.19.so
b61ff000-b6200000 rw-p 0000a000 08:01 2490396    /lib/i386-linux-gnu/libnss_nis-2.19.so
b6200000-b62fd000 rw-p 00000000 00:00 0 
b62fd000-b6300000 ---p 00000000 00:00 0 
b6300000-b6302000 r--s 00006000 08:01 266660     /usr/share/java/java-atk-wrapper.jar
b6302000-b6303000 r--s 00002000 08:01 828        /usr/lib/jvm/java-7-openjdk-i386/jre/lib/ext/dnsns.jar
b6303000-b6318000 r-xp 00000000 08:01 2490410    /lib/i386-linux-gnu/libnsl-2.19.so
b6318000-b6319000 r--p 00015000 08:01 2490410    /lib/i386-linux-gnu/libnsl-2.19.so
b6319000-b631a000 rw-p 00016000 08:01 2490410    /lib/i386-linux-gnu/libnsl-2.19.so
b631a000-b631c000 rw-p 00000000 00:00 0 
b631c000-b6323000 r-xp 00000000 08:01 2490429    /lib/i386-linux-gnu/libnss_compat-2.19.so
b6323000-b6324000 r--p 00006000 08:01 2490429    /lib/i386-linux-gnu/libnss_compat-2.19.so
b6324000-b6325000 rw-p 00007000 08:01 2490429    /lib/i386-linux-gnu/libnss_compat-2.19.so
b6325000-b6329000 r--s 00034000 08:01 1253       /usr/lib/jvm/java-7-openjdk-i386/jre/lib/ext/sunjce_provider.jar
b6329000-b632c000 r--s 0000f000 08:01 1247       /usr/lib/jvm/java-7-openjdk-i386/jre/lib/ext/icedtea-sound.jar
b632c000-b6334000 r-xp 00000000 08:01 4601671    /usr/lib/jvm/java-7-openjdk-i386/jre/lib/i386/libzip.so
b6334000-b6335000 r--p 00007000 08:01 4601671    /usr/lib/jvm/java-7-openjdk-i386/jre/lib/i386/libzip.so
b6335000-b6336000 rw-p 00008000 08:01 4601671    /usr/lib/jvm/java-7-openjdk-i386/jre/lib/i386/libzip.so
b6336000-b633e000 rw-s 00000000 08:01 2902522    /tmp/hsperfdata_musikdk/12664
b633e000-b6364000 r-xp 00000000 08:01 4601669    /usr/lib/jvm/java-7-openjdk-i386/jre/lib/i386/libjava.so
b6364000-b6365000 r--p 00025000 08:01 4601669    /usr/lib/jvm/java-7-openjdk-i386/jre/lib/i386/libjava.so
b6365000-b6366000 rw-p 00026000 08:01 4601669    /usr/lib/jvm/java-7-openjdk-i386/jre/lib/i386/libjava.so
b6366000-b636d000 r-xp 00000000 08:01 2490405    /lib/i386-linux-gnu/librt-2.19.so
b636d000-b636e000 r--p 00006000 08:01 2490405    /lib/i386-linux-gnu/librt-2.19.so
b636e000-b636f000 rw-p 00007000 08:01 2490405    /lib/i386-linux-gnu/librt-2.19.so
b636f000-b6370000 ---p 00000000 00:00 0 
b6370000-b63c0000 rwxp 00000000 00:00 0          [stack:12683]
b63c0000-b63dc000 r-xp 00000000 08:01 2490468    /lib/i386-linux-gnu/libgcc_s.so.1
b63dc000-b63dd000 r--p 0001b000 08:01 2490468    /lib/i386-linux-gnu/libgcc_s.so.1
b63dd000-b63de000 rw-p 0001c000 08:01 2490468    /lib/i386-linux-gnu/libgcc_s.so.1
b63de000-b6422000 r-xp 00000000 08:01 2490412    /lib/i386-linux-gnu/libm-2.19.so
b6422000-b6423000 r--p 00043000 08:01 2490412    /lib/i386-linux-gnu/libm-2.19.so
b6423000-b6424000 rw-p 00044000 08:01 2490412    /lib/i386-linux-gnu/libm-2.19.so
b6424000-b650d000 r-xp 00000000 08:01 4597710    /usr/lib/i386-linux-gnu/libstdc++.so.6.0.20
b650d000-b6511000 r--p 000e9000 08:01 4597710    /usr/lib/i386-linux-gnu/libstdc++.so.6.0.20
b6511000-b6512000 rw-p 000ed000 08:01 4597710    /usr/lib/i386-linux-gnu/libstdc++.so.6.0.20
b6512000-b6519000 rw-p 00000000 00:00 0 
b6519000-b705f000 r-xp 00000000 08:01 4601700    /usr/lib/jvm/java-7-openjdk-i386/jre/lib/i386/server/libjvm.so
b705f000-b70b3000 r--p 00b45000 08:01 4601700    /usr/lib/jvm/java-7-openjdk-i386/jre/lib/i386/server/libjvm.so
b70b3000-b70c7000 rw-p 00b99000 08:01 4601700    /usr/lib/jvm/java-7-openjdk-i386/jre/lib/i386/server/libjvm.so
b70c7000-b74e6000 rw-p 00000000 00:00 0 
b74e6000-b74fe000 r-xp 00000000 08:01 2491475    /lib/i386-linux-gnu/libz.so.1.2.8
b74fe000-b74ff000 r--p 00017000 08:01 2491475    /lib/i386-linux-gnu/libz.so.1.2.8
b74ff000-b7500000 rw-p 00018000 08:01 2491475    /lib/i386-linux-gnu/libz.so.1.2.8
b7500000-b7518000 r-xp 00000000 08:01 2490420    /lib/i386-linux-gnu/libpthread-2.19.so
b7518000-b751a000 r--p 00017000 08:01 2490420    /lib/i386-linux-gnu/libpthread-2.19.so
b751a000-b751b000 rw-p 00019000 08:01 2490420    /lib/i386-linux-gnu/libpthread-2.19.so
b751b000-b751d000 rw-p 00000000 00:00 0 
b751d000-b7520000 r-xp 00000000 08:01 2490446    /lib/i386-linux-gnu/libdl-2.19.so
b7520000-b7521000 r--p 00002000 08:01 2490446    /lib/i386-linux-gnu/libdl-2.19.so
b7521000-b7522000 rw-p 00003000 08:01 2490446    /lib/i386-linux-gnu/libdl-2.19.so
b7522000-b76c9000 r-xp 00000000 08:01 2490428    /lib/i386-linux-gnu/libc-2.19.so
b76c9000-b76cb000 r--p 001a7000 08:01 2490428    /lib/i386-linux-gnu/libc-2.19.so
b76cb000-b76cc000 rw-p 001a9000 08:01 2490428    /lib/i386-linux-gnu/libc-2.19.so
b76cc000-b76cf000 rw-p 00000000 00:00 0 
b76cf000-b76d1000 r--s 00012000 08:01 1251       /usr/lib/jvm/java-7-openjdk-i386/jre/lib/ext/zipfs.jar
b76d1000-b76d4000 r--s 00086000 08:01 1249       /usr/lib/jvm/java-7-openjdk-i386/jre/lib/ext/localedata.jar
b76d4000-b76d5000 r--p 002c5000 08:01 4594344    /usr/lib/locale/locale-archive
b76d5000-b76d6000 rw-p 00000000 00:00 0 
b76d6000-b76d7000 ---p 00000000 00:00 0 
b76d7000-b76e5000 r-xp 00000000 08:01 4601688    /usr/lib/jvm/java-7-openjdk-i386/jre/lib/i386/libverify.so
b76e5000-b76e7000 r--p 0000d000 08:01 4601688    /usr/lib/jvm/java-7-openjdk-i386/jre/lib/i386/libverify.so
b76e7000-b76e8000 rw-p 0000f000 08:01 4601688    /usr/lib/jvm/java-7-openjdk-i386/jre/lib/i386/libverify.so
b76e8000-b76f4000 r-xp 00000000 08:01 4601702    /usr/lib/jvm/java-7-openjdk-i386/jre/lib/i386/jli/libjli.so
b76f4000-b76f5000 r--p 0000b000 08:01 4601702    /usr/lib/jvm/java-7-openjdk-i386/jre/lib/i386/jli/libjli.so
b76f5000-b76f6000 rw-p 0000c000 08:01 4601702    /usr/lib/jvm/java-7-openjdk-i386/jre/lib/i386/jli/libjli.so
b76f6000-b76f9000 rw-p 00000000 00:00 0 
b76f9000-b76fa000 r-xp 00000000 00:00 0          [vdso]
b76fa000-b76fc000 r--p 00000000 00:00 0          [vvar]
b76fc000-b771c000 r-xp 00000000 08:01 2490409    /lib/i386-linux-gnu/ld-2.19.so
b771c000-b771d000 r--p 0001f000 08:01 2490409    /lib/i386-linux-gnu/ld-2.19.so
b771d000-b771e000 rw-p 00020000 08:01 2490409    /lib/i386-linux-gnu/ld-2.19.so
bfb93000-bfb94000 rwxp 00000000 00:00 0 
bfbc6000-bfbe6000 rwxp 00000000 00:00 0          [stack]
bfbe6000-bfbe7000 rw-p 00000000 00:00 0 

VM Arguments:
jvm_args: -Xmx1024M 
java_command: /home/musikdk/Android/Sdk/build-tools/19.1.0/lib/dx.jar --dex --output /home/musikdk/Desktop/soundm/app/build/intermediates/pre-dexed/debug/guava-18.0-67cb96da75f80dbfc5adb976031da2685289abe3.jar /home/musikdk/.gradle/caches/modules-2/files-2.1/com.google.guava/guava/18.0/cce0823396aa693798f8882e64213b1772032b09/guava-18.0.jar
Launcher Type: SUN_STANDARD

Environment Variables:
PATH=/usr/local/sbin:/usr/local/bin:/usr/sbin:/usr/bin:/sbin:/bin:/usr/games:/usr/local/games
LD_LIBRARY_PATH=/opt/android-studio/bin:
SHELL=/bin/bash
DISPLAY=:0

Signal Handlers:
SIGSEGV: [libjvm.so+0x7ed9a0], sa_mask[0]=0x7ffbfeff, sa_flags=0x10000004
SIGBUS: [libjvm.so+0x7ed9a0], sa_mask[0]=0x7ffbfeff, sa_flags=0x10000004
SIGFPE: [libjvm.so+0x66faf0], sa_mask[0]=0x7ffbfeff, sa_flags=0x10000004
SIGPIPE: [libjvm.so+0x66faf0], sa_mask[0]=0x7ffbfeff, sa_flags=0x10000004
SIGXFSZ: [libjvm.so+0x66faf0], sa_mask[0]=0x7ffbfeff, sa_flags=0x10000004
SIGILL: [libjvm.so+0x66faf0], sa_mask[0]=0x7ffbfeff, sa_flags=0x10000004
SIGUSR1: SIG_DFL, sa_mask[0]=0x00000000, sa_flags=0x00000000
SIGUSR2: [libjvm.so+0x66f940], sa_mask[0]=0x00000004, sa_flags=0x10000004
SIGHUP: [libjvm.so+0x66fba0], sa_mask[0]=0x7ffbfeff, sa_flags=0x10000004
SIGINT: [libjvm.so+0x66fba0], sa_mask[0]=0x7ffbfeff, sa_flags=0x10000004
SIGTERM: [libjvm.so+0x66fba0], sa_mask[0]=0x7ffbfeff, sa_flags=0x10000004
SIGQUIT: 