#
# There is insufficient memory for the Java Runtime Environment to continue.
# Native memory allocation (malloc) failed to allocate 37224448 bytes for committing reserved memory.
# Possible reasons:
#   The system is out of physical RAM or swap space
#   In 32 bit mode, the process size limit was hit
# Possible solutions:
#   Reduce memory load on the system
#   Increase physical memory or swap space
#   Check if swap backing store is full
#   Use 64 bit Java on a 64 bit OS
#   Decrease Java heap size (-Xmx/-Xms)
#   Decrease number of Java threads
#   Decrease Java thread stack sizes (-Xss)
#   Set larger code cache with -XX:ReservedCodeCacheSize=
# This output file may be truncated or incomplete.
#
#  Out of Memory Error (os_linux.cpp:2809), pid=14681, tid=1789545280
#
# JRE version: OpenJDK Runtime Environment (7.0_79-b14) (build 1.7.0_79-b14)
# Java VM: OpenJDK Server VM (24.79-b02 mixed mode linux-x86 )
# Derivative: IcedTea 2.5.5
# Distribution: Ubuntu 14.10, package 7u79-2.5.5-0ubuntu0.14.10.2
# Failed to write core dump. Core dumps have been disabled. To enable core dumping, try "ulimit -c unlimited" before starting Java again
#

---------------  T H R E A D  ---------------

Current thread (0x67d10400):  VMThread [stack: 0x6aa24000,0x6aaa5000] [id=14715]

Stack: [0x6aa24000,0x6aaa5000]
VM_Operation (0xb63d89b4): ParallelGCFailedAllocation, mode: safepoint, requested by thread 0xb6207800


---------------  P R O C E S S  ---------------

Java Threads: ( => current thread )
  0x67d2c800 JavaThread "Service Thread" daemon [_thread_blocked, id=14728, stack(0x6795c000,0x679ad000)]
  0x67d2a800 JavaThread "C2 CompilerThread1" daemon [_thread_blocked, id=14727, stack(0x679ad000,0x67a2e000)]
  0x67d28800 JavaThread "C2 CompilerThread0" daemon [_thread_blocked, id=14725, stack(0x67a2e000,0x67aaf000)]
  0x67d27000 JavaThread "Signal Dispatcher" daemon [_thread_blocked, id=14723, stack(0x67aaf000,0x67b00000)]
  0x67d14400 JavaThread "Finalizer" daemon [_thread_blocked, id=14719, stack(0x67e2d000,0x67e7e000)]
  0x67d12800 JavaThread "Reference Handler" daemon [_thread_blocked, id=14718, stack(0x67e7e000,0x67ecf000)]
  0xb6207800 JavaThread "main" [_thread_blocked, id=14701, stack(0xb6389000,0xb63da000)]

Other Threads:
=>0x67d10400 VMThread [stack: 0x6aa24000,0x6aaa5000] [id=14715]
  0x67d2e800 WatcherThread [stack: 0x678db000,0x6795c000] [id=14730]

VM state:at safepoint (normal execution)

VM Mutex/Monitor currently owned by a thread:  ([mutex/lock_event])
[0xb6205030] Threads_lock - owner thread: 0x67d10400
[0xb6205440] Heap_lock - owner thread: 0xb6207800

Heap
 PSYoungGen      total 35840K, used 4605K [0x9dbc0000, 0xa03c0000, 0xb3140000)
  eden space 31232K, 0% used [0x9dbc0000,0x9dbc0000,0x9fa40000)
  from space 4608K, 99% used [0x9fa40000,0x9febf6f8,0x9fec0000)
  to   space 4096K, 0% used [0x9fec0000,0x9fec0000,0xa02c0000)
 ParOldGen       total 20992K, used 13415K [0x73140000, 0x745c0000, 0x9dbc0000)
  object space 20992K, 63% used [0x73140000,0x73e59db8,0x745c0000)
 PSPermGen       total 16384K, used 3895K [0x6b140000, 0x6c140000, 0x73140000)
  object space 16384K, 23% used [0x6b140000,0x6b50dc50,0x6c140000)

Card table byte_map: [0x6aeff000,0x6b140000] byte_map_base: 0x6aba6600

Polling page: 0xb76f0000

Code Cache  [0xb3200000, 0xb3440000, 0xb6200000)
 total_blobs=512 nmethods=393 adapters=73 free_code_cache=47700Kb largest_free_block=48781568

Compilation events (10 events):
Event: 49.614 Thread 0x67d28800 nmethod 392 0xb333ffc8 code [0xb33400c0, 0xb3340110]
Event: 49.614 Thread 0x67d28800  393             com.android.dx.rop.cst.CstString::compareTo0 (15 bytes)
Event: 49.615 Thread 0x67d28800 nmethod 393 0xb333fd08 code [0xb333fe00, 0xb333fef0]
Event: 49.615 Thread 0x67d28800  394             com.android.dx.ssa.SsaBasicBlock::getParent (5 bytes)
Event: 49.616 Thread 0x67d28800 nmethod 394 0xb3347ec8 code [0xb3347fa0, 0xb3347ff0]
Event: 49.616 Thread 0x67d28800  395             com.android.dx.util.LabeledList::<init> (57 bytes)
Event: 49.642 Thread 0x67d28800 nmethod 395 0xb3349788 code [0xb33498a0, 0xb3349bfc]
Event: 49.642 Thread 0x67d28800  396   !         com.android.dx.cf.code.Ropper::processBlock (1105 bytes)
Event: 49.877 Thread 0x67d2a800 nmethod 390 0xb3374588 code [0xb3374920, 0xb337668c]
Event: 49.878 Thread 0x67d2a800  397             com.android.dx.util.LabeledList::rebuildLabelToIndex (46 bytes)

GC Heap History (10 events):
Event: 43.896 GC heap after
Heap after GC invocations=2 (full 0):
 PSYoungGen      total 9216K, used 1266K [0x9dbc0000, 0x9edc0000, 0xb3140000)
  eden space 7936K, 0% used [0x9dbc0000,0x9dbc0000,0x9e380000)
  from space 1280K, 98% used [0x9e4c0000,0x9e5fcae0,0x9e600000)
  to   space 1280K, 0% used [0x9e380000,0x9e380000,0x9e4c0000)
 ParOldGen       total 20992K, used 2650K [0x73140000, 0x745c0000, 0x9dbc0000)
  object space 20992K, 12% used [0x73140000,0x733d6908,0x745c0000)
 PSPermGen       total 16384K, used 3731K [0x6b140000, 0x6c140000, 0x73140000)
  object space 16384K, 22% used [0x6b140000,0x6b4e4c28,0x6c140000)
}
Event: 44.699 GC heap before
{Heap before GC invocations=3 (full 0):
 PSYoungGen      total 9216K, used 9202K [0x9dbc0000, 0x9edc0000, 0xb3140000)
  eden space 7936K, 100% used [0x9dbc0000,0x9e380000,0x9e380000)
  from space 1280K, 98% used [0x9e4c0000,0x9e5fcae0,0x9e600000)
  to   space 1280K, 0% used [0x9e380000,0x9e380000,0x9e4c0000)
 ParOldGen       total 20992K, used 2650K [0x73140000, 0x745c0000, 0x9dbc0000)
  object space 20992K, 12% used [0x73140000,0x733d6908,0x745c0000)
 PSPermGen       total 16384K, used 3813K [0x6b140000, 0x6c140000, 0x73140000)
  object space 16384K, 23% used [0x6b140000,0x6b4f97f0,0x6c140000)
Event: 44.719 GC heap after
Heap after GC invocations=3 (full 0):
 PSYoungGen      total 9216K, used 1279K [0x9dbc0000, 0x9edc0000, 0xb3140000)
  eden space 7936K, 0% used [0x9dbc0000,0x9dbc0000,0x9e380000)
  from space 1280K, 99% used [0x9e380000,0x9e4bfca8,0x9e4c0000)
  to   space 1280K, 0% used [0x9ec80000,0x9ec80000,0x9edc0000)
 ParOldGen       total 20992K, used 3997K [0x73140000, 0x745c0000, 0x9dbc0000)
  object space 20992K, 19% used [0x73140000,0x73527798,0x745c0000)
 PSPermGen       total 16384K, used 3813K [0x6b140000, 0x6c140000, 0x73140000)
  object space 16384K, 23% used [0x6b140000,0x6b4f97f0,0x6c140000)
}
Event: 45.914 GC heap before
{Heap before GC invocations=4 (full 0):
 PSYoungGen      total 9216K, used 9215K [0x9dbc0000, 0x9edc0000, 0xb3140000)
  eden space 7936K, 100% used [0x9dbc0000,0x9e380000,0x9e380000)
  from space 1280K, 99% used [0x9e380000,0x9e4bfca8,0x9e4c0000)
  to   space 1280K, 0% used [0x9ec80000,0x9ec80000,0x9edc0000)
 ParOldGen       total 20992K, used 3997K [0x73140000, 0x745c0000, 0x9dbc0000)
  object space 20992K, 19% used [0x73140000,0x73527798,0x745c0000)
 PSPermGen       total 16384K, used 3838K [0x6b140000, 0x6c140000, 0x73140000)
  object space 16384K, 23% used [0x6b140000,0x6b4ffbf8,0x6c140000)
Event: 45.942 GC heap after
Heap after GC invocations=4 (full 0):
 PSYoungGen      total 17152K, used 1279K [0x9dbc0000, 0x9edc0000, 0xb3140000)
  eden space 15872K, 0% used [0x9dbc0000,0x9dbc0000,0x9eb40000)
  from space 1280K, 99% used [0x9ec80000,0x9edbfc98,0x9edc0000)
  to   space 1280K, 0% used [0x9eb40000,0x9eb40000,0x9ec80000)
 ParOldGen       total 20992K, used 5563K [0x73140000, 0x745c0000, 0x9dbc0000)
  object space 20992K, 26% used [0x73140000,0x736aed40,0x745c0000)
 PSPermGen       total 16384K, used 3838K [0x6b140000, 0x6c140000, 0x73140000)
  object space 16384K, 23% used [0x6b140000,0x6b4ffbf8,0x6c140000)
}
Event: 47.165 GC heap before
{Heap before GC invocations=5 (full 0):
 PSYoungGen      total 17152K, used 17151K [0x9dbc0000, 0x9edc0000, 0xb3140000)
  eden space 15872K, 100% used [0x9dbc0000,0x9eb40000,0x9eb40000)
  from space 1280K, 99% used [0x9ec80000,0x9edbfc98,0x9edc0000)
  to   space 1280K, 0% used [0x9eb40000,0x9eb40000,0x9ec80000)
 ParOldGen       total 20992K, used 5563K [0x73140000, 0x745c0000, 0x9dbc0000)
  object space 20992K, 26% used [0x73140000,0x736aed40,0x745c0000)
 PSPermGen       total 16384K, used 3860K [0x6b140000, 0x6c140000, 0x73140000)
  object space 16384K, 23% used [0x6b140000,0x6b505390,0x6c140000)
Event: 47.224 GC heap after
Heap after GC invocations=5 (full 0):
 PSYoungGen      total 17152K, used 1271K [0x9dbc0000, 0xa02c0000, 0xb3140000)
  eden space 15872K, 0% used [0x9dbc0000,0x9dbc0000,0x9eb40000)
  from space 1280K, 99% used [0x9eb40000,0x9ec7df28,0x9ec80000)
  to   space 4096K, 0% used [0x9fec0000,0x9fec0000,0xa02c0000)
 ParOldGen       total 20992K, used 8496K [0x73140000, 0x745c0000, 0x9dbc0000)
  object space 20992K, 40% used [0x73140000,0x7398c268,0x745c0000)
 PSPermGen       total 16384K, used 3860K [0x6b140000, 0x6c140000, 0x73140000)
  object space 16384K, 23% used [0x6b140000,0x6b505390,0x6c140000)
}
Event: 47.857 GC heap before
{Heap before GC invocations=6 (full 0):
 PSYoungGen      total 17152K, used 17143K [0x9dbc0000, 0xa02c0000, 0xb3140000)
  eden space 15872K, 100% used [0x9dbc0000,0x9eb40000,0x9eb40000)
  from space 1280K, 99% used [0x9eb40000,0x9ec7df28,0x9ec80000)
  to   space 4096K, 0% used [0x9fec0000,0x9fec0000,0xa02c0000)
 ParOldGen       total 20992K, used 8496K [0x73140000, 0x745c0000, 0x9dbc0000)
  object space 20992K, 40% used [0x73140000,0x7398c268,0x745c0000)
 PSPermGen       total 16384K, used 3876K [0x6b140000, 0x6c140000, 0x73140000)
  object space 16384K, 23% used [0x6b140000,0x6b5092e8,0x6c140000)
Event: 47.955 GC heap after
Heap after GC invocations=6 (full 0):
 PSYoungGen      total 35328K, used 4088K [0x9dbc0000, 0xa03c0000, 0xb3140000)
  eden space 31232K, 0% used [0x9dbc0000,0x9dbc0000,0x9fa40000)
  from space 4096K, 99% used [0x9fec0000,0xa02be338,0xa02c0000)
  to   space 4608K, 0% used [0x9fa40000,0x9fa40000,0x9fec0000)
 ParOldGen       total 20992K, used 8633K [0x73140000, 0x745c0000, 0x9dbc0000)
  object space 20992K, 41% used [0x73140000,0x739ae500,0x745c0000)
 PSPermGen       total 16384K, used 3876K [0x6b140000, 0x6c140000, 0x73140000)
  object space 16384K, 23% used [0x6b140000,0x6b5092e8,0x6c140000)
}
Event: 50.733 GC heap before
{Heap before GC invocations=7 (full 0):
 PSYoungGen      total 35328K, used 35320K [0x9dbc0000, 0xa03c0000, 0xb3140000)
  eden space 31232K, 100% used [0x9dbc0000,0x9fa40000,0x9fa40000)
  from space 4096K, 99% used [0x9fec0000,0xa02be338,0xa02c0000)
  to   space 4608K, 0% used [0x9fa40000,0x9fa40000,0x9fec0000)
 ParOldGen       total 20992K, used 8633K [0x73140000, 0x745c0000, 0x9dbc0000)
  object space 20992K, 41% used [0x73140000,0x739ae500,0x745c0000)
 PSPermGen       total 16384K, used 3895K [0x6b140000, 0x6c140000, 0x73140000)
  object space 16384K, 23% used [0x6b140000,0x6b50dc50,0x6c140000)

Deoptimization events (10 events):
Event: 46.582 Thread 0xb6207800 Uncommon trap: reason=unreached action=reinterpret pc=0xb32b197c method=com.android.dx.rop.code.LocalVariableExtractor.processBlock(I)V @ 195
Event: 47.395 Thread 0xb6207800 Uncommon trap: reason=null_check action=make_not_entrant pc=0xb32f0bf0 method=com.android.dx.rop.type.Type.putIntern(Lcom/android/dx/rop/type/Type;)Lcom/android/dx/rop/type/Type; @ 18
Event: 47.577 Thread 0xb6207800 Uncommon trap: reason=bimorphic action=maybe_recompile pc=0xb330b650 method=com.android.dx.cf.code.BytecodeArray.parseInstruction(ILcom/android/dx/cf/code/BytecodeArray$Visitor;)I @ 2281
Event: 47.577 Thread 0xb6207800 Uncommon trap: reason=bimorphic action=maybe_recompile pc=0xb330b650 method=com.android.dx.cf.code.BytecodeArray.parseInstruction(ILcom/android/dx/cf/code/BytecodeArray$Visitor;)I @ 2281
Event: 47.635 Thread 0xb6207800 Uncommon trap: reason=bimorphic action=maybe_recompile pc=0xb330c8cc method=com.android.dx.cf.code.BytecodeArray.parseInstruction(ILcom/android/dx/cf/code/BytecodeArray$Visitor;)I @ 1357
Event: 47.636 Thread 0xb6207800 Uncommon trap: reason=bimorphic action=maybe_recompile pc=0xb330c8cc method=com.android.dx.cf.code.BytecodeArray.parseInstruction(ILcom/android/dx/cf/code/BytecodeArray$Visitor;)I @ 1357
Event: 48.381 Thread 0xb6207800 Uncommon trap: reason=null_check action=make_not_entrant pc=0xb3337458 method=com.android.dx.dex.file.FieldIdsSection.intern(Lcom/android/dx/rop/cst/CstFieldRef;)Lcom/android/dx/dex/file/FieldIdItem; @ 26
Event: 48.441 Thread 0xb6207800 Uncommon trap: reason=unreached action=reinterpret pc=0xb3259d54 method=com.android.dx.rop.cst.Constant.compareTo(Lcom/android/dx/rop/cst/Constant;)I @ 12
Event: 48.764 Thread 0xb6207800 Uncommon trap: reason=class_check action=maybe_recompile pc=0xb332b94c method=com.android.dx.ssa.PhiTypeResolver.run()V @ 151
Event: 49.284 Thread 0xb6207800 Uncommon trap: reason=unreached action=reinterpret pc=0xb329d7d4 method=com.android.dx.ssa.LocalVariableExtractor.processBlock(I)V @ 251

Internal exceptions (10 events):
Event: 43.179 Thread 0xb6207800 Threw 0x9dc55190 at /build/buildd/openjdk-7-7u79-2.5.5/build/openjdk/hotspot/src/share/vm/prims/jvm.cpp:1284
Event: 43.180 Thread 0xb6207800 Threw 0x9dc58108 at /build/buildd/openjdk-7-7u79-2.5.5/build/openjdk/hotspot/src/share/vm/prims/jvm.cpp:1284
Event: 43.180 Thread 0xb6207800 Threw 0x9dc5b478 at /build/buildd/openjdk-7-7u79-2.5.5/build/openjdk/hotspot/src/share/vm/prims/jvm.cpp:1284
Event: 43.181 Thread 0xb6207800 Threw 0x9dc5f1c0 at /build/buildd/openjdk-7-7u79-2.5.5/build/openjdk/hotspot/src/share/vm/prims/jvm.cpp:1284
Event: 43.229 Thread 0xb6207800 Threw 0x9dce5f60 at /build/buildd/openjdk-7-7u79-2.5.5/build/openjdk/hotspot/src/share/vm/prims/jvm.cpp:1284
Event: 44.225 Thread 0xb6207800 Threw 0x9de82c10 at /build/buildd/openjdk-7-7u79-2.5.5/build/openjdk/hotspot/src/share/vm/prims/jvm.cpp:1284
Event: 45.572 Thread 0xb6207800 Implicit null exception at 0xb3290f53 to 0xb3291c81
Event: 45.693 Thread 0xb6207800 Threw 0x9e07add0 at /build/buildd/openjdk-7-7u79-2.5.5/build/openjdk/hotspot/src/share/vm/prims/jvm.cpp:1284
Event: 47.395 Thread 0xb6207800 Implicit null exception at 0xb32f076e to 0xb32f0be1
Event: 48.389 Thread 0xb6207800 Threw 0x9e37c808 at /build/buildd/openjdk-7-7u79-2.5.5/build/openjdk/hotspot/src/share/vm/prims/jvm.cpp:1284

Events (10 events):
Event: 48.441 Thread 0xb6207800 DEOPT PACKING pc=0xb3259d54 sp=0xb63d88b0
Event: 48.441 Thread 0xb6207800 DEOPT UNPACKING pc=0xb322cbc8 sp=0xb63d8888 mode 2
Event: 48.764 Thread 0xb6207800 Uncommon trap: trap_request=0xffffffde fr.pc=0xb332b94c
Event: 48.764 Thread 0xb6207800 DEOPT PACKING pc=0xb332b94c sp=0xb63d8af0
Event: 48.764 Thread 0xb6207800 DEOPT UNPACKING pc=0xb322cbc8 sp=0xb63d8ac4 mode 2
Event: 49.284 Thread 0xb6207800 Uncommon trap: trap_request=0xffffffad fr.pc=0xb329d7d4
Event: 49.284 Thread 0xb6207800 DEOPT PACKING pc=0xb329d7d4 sp=0xb63d8a70
Event: 49.284 Thread 0xb6207800 DEOPT UNPACKING pc=0xb322cbc8 sp=0xb63d8a60 mode 2
Event: 49.878 Thread 0x67d2a800 flushing nmethod 0xb32b0b88
Event: 50.677 Executing VM operation: ParallelGCFailedAllocation


Dynamic libraries:
08048000-08049000 r-xp 00000000 08:01 1485       /usr/lib/jvm/java-7-openjdk-i386/jre/bin/java
08049000-0804a000 r--p 00000000 08:01 1485       /usr/lib/jvm/java-7-openjdk-i386/jre/bin/java
0804a000-0804b000 rw-p 00001000 08:01 1485       /usr/lib/jvm/java-7-openjdk-i386/jre/bin/java
08ae7000-09129000 rw-p 00000000 00:00 0          [heap]
66b00000-66bf4000 rw-p 00000000 00:00 0 
66bf4000-66c00000 ---p 00000000 00:00 0 
66c00000-66c80000 rw-p 00000000 00:00 0 
66c80000-66d00000 ---p 00000000 00:00 0 
66d00000-66dfe000 rw-p 00000000 00:00 0 
66dfe000-66e00000 ---p 00000000 00:00 0 
66f00000-66ff8000 rw-p 00000000 00:00 0 
66ff8000-67000000 ---p 00000000 00:00 0 
67100000-671fc000 rw-p 00000000 00:00 0 
671fc000-67200000 ---p 00000000 00:00 0 
67200000-672fe000 rw-p 00000000 00:00 0 
672fe000-67300000 ---p 00000000 00:00 0 
67300000-67340000 rw-p 00000000 00:00 0 
67340000-67400000 ---p 00000000 00:00 0 
67428000-674b3000 rw-p 00000000 00:00 0 
674b3000-67522000 r-xp 00000000 08:01 2490593    /lib/i386-linux-gnu/libpcre.so.3.13.1
67522000-67523000 r--p 0006e000 08:01 2490593    /lib/i386-linux-gnu/libpcre.so.3.13.1
67523000-67524000 rw-p 0006f000 08:01 2490593    /lib/i386-linux-gnu/libpcre.so.3.13.1
67524000-6752a000 r-xp 00000000 08:01 4589058    /usr/lib/i386-linux-gnu/libffi.so.6.0.2
6752a000-6752c000 r--p 00005000 08:01 4589058    /usr/lib/i386-linux-gnu/libffi.so.6.0.2
6752c000-6752d000 rw-p 00007000 08:01 4589058    /usr/lib/i386-linux-gnu/libffi.so.6.0.2
6752d000-67540000 r-xp 00000000 08:01 2490413    /lib/i386-linux-gnu/libresolv-2.19.so
67540000-67541000 r--p 00013000 08:01 2490413    /lib/i386-linux-gnu/libresolv-2.19.so
67541000-67542000 rw-p 00014000 08:01 2490413    /lib/i386-linux-gnu/libresolv-2.19.so
67542000-67544000 rw-p 00000000 00:00 0 
67544000-67568000 r-xp 00000000 08:01 2490591    /lib/i386-linux-gnu/libselinux.so.1
67568000-67569000 r--p 00023000 08:01 2490591    /lib/i386-linux-gnu/libselinux.so.1
67569000-6756a000 rw-p 00024000 08:01 2490591    /lib/i386-linux-gnu/libselinux.so.1
6756a000-6756b000 rw-p 00000000 00:00 0 
6756b000-6756e000 r-xp 00000000 08:01 4592624    /usr/lib/i386-linux-gnu/libgmodule-2.0.so.0.4200.1
6756e000-6756f000 r--p 00002000 08:01 4592624    /usr/lib/i386-linux-gnu/libgmodule-2.0.so.0.4200.1
6756f000-67570000 rw-p 00003000 08:01 4592624    /usr/lib/i386-linux-gnu/libgmodule-2.0.so.0.4200.1
67570000-67695000 r-xp 00000000 08:01 2501326    /lib/i386-linux-gnu/libglib-2.0.so.0.4200.1
67695000-67696000 r--p 00124000 08:01 2501326    /lib/i386-linux-gnu/libglib-2.0.so.0.4200.1
67696000-67697000 rw-p 00125000 08:01 2501326    /lib/i386-linux-gnu/libglib-2.0.so.0.4200.1
67697000-676f2000 r-xp 00000000 08:01 4592628    /usr/lib/i386-linux-gnu/libgobject-2.0.so.0.4200.1
676f2000-676f3000 r--p 0005b000 08:01 4592628    /usr/lib/i386-linux-gnu/libgobject-2.0.so.0.4200.1
676f3000-676f4000 rw-p 0005c000 08:01 4592628    /usr/lib/i386-linux-gnu/libgobject-2.0.so.0.4200.1
676f4000-678a5000 r-xp 00000000 08:01 4592626    /usr/lib/i386-linux-gnu/libgio-2.0.so.0.4200.1
678a5000-678a8000 r--p 001b0000 08:01 4592626    /usr/lib/i386-linux-gnu/libgio-2.0.so.0.4200.1
678a8000-678a9000 rw-p 001b3000 08:01 4592626    /usr/lib/i386-linux-gnu/libgio-2.0.so.0.4200.1
678a9000-678aa000 rw-p 00000000 00:00 0 
678c3000-678d9000 r-xp 00000000 08:01 4601684    /usr/lib/jvm/java-7-openjdk-i386/jre/lib/i386/libnet.so
678d9000-678da000 r--p 00015000 08:01 4601684    /usr/lib/jvm/java-7-openjdk-i386/jre/lib/i386/libnet.so
678da000-678db000 rw-p 00016000 08:01 4601684    /usr/lib/jvm/java-7-openjdk-i386/jre/lib/i386/libnet.so
678db000-678dc000 ---p 00000000 00:00 0 
678dc000-679ad000 rwxp 00000000 00:00 0          [stack:14728]
679ad000-679ae000 ---p 00000000 00:00 0 
679ae000-67a2e000 rwxp 00000000 00:00 0          [stack:14727]
67a2e000-67a2f000 ---p 00000000 00:00 0 
67a2f000-67b00000 rwxp 00000000 00:00 0          [stack:14723]
67b00000-67d00000 r--p 00000000 08:01 4594344    /usr/lib/locale/locale-archive
67d00000-67dfc000 rw-p 00000000 00:00 0 
67dfc000-67e00000 ---p 00000000 00:00 0 
67e02000-67e2d000 r--s 001fc000 08:01 2621812    /home/musikdk/.gradle/caches/modules-2/files-2.1/com.google.guava/guava/18.0/cce0823396aa693798f8882e64213b1772032b09/guava-18.0.jar
67e2d000-67ecf000 rwxp 00000000 00:00 0          [stack:14718]
67ecf000-68080000 r--s 01d27000 08:01 4601736    /usr/lib/jvm/java-7-openjdk-i386/jre/lib/rt.jar
68080000-6a900000 rw-p 00000000 00:00 0 
6a900000-6a9fa000 rw-p 00000000 00:00 0 
6a9fa000-6aa00000 ---p 00000000 00:00 0 
6aa00000-6aa10000 r-xp 00000000 08:01 4601678    /usr/lib/jvm/java-7-openjdk-i386/jre/lib/i386/libnio.so
6aa10000-6aa11000 r--p 0000f000 08:01 4601678    /usr/lib/jvm/java-7-openjdk-i386/jre/lib/i386/libnio.so
6aa11000-6aa12000 rw-p 00010000 08:01 4601678    /usr/lib/jvm/java-7-openjdk-i386/jre/lib/i386/libnio.so
6aa12000-6aa20000 r--s 000cf000 08:01 3161431    /home/musikdk/Android/Sdk/build-tools/19.1.0/lib/dx.jar
6aa20000-6aa24000 r--s 0003c000 08:01 1255       /usr/lib/jvm/java-7-openjdk-i386/jre/lib/ext/sunpkcs11.jar
6aa24000-6aa25000 ---p 00000000 00:00 0 
6aa25000-6aaa5000 rwxp 00000000 00:00 0          [stack:14715]
6aaa5000-6ab00000 rw-p 00000000 00:00 0 
6ab00000-6ab21000 rw-p 00000000 00:00 0 
6ab21000-6ac00000 ---p 00000000 00:00 0 
6ac03000-6ac67000 rw-p 00000000 00:00 0 
6ac67000-6ac68000 ---p 00000000 00:00 0 
6ac68000-6ace8000 rwxp 00000000 00:00 0          [stack:14705]
6ace8000-6ace9000 ---p 00000000 00:00 0 
6ace9000-6ad69000 rwxp 00000000 00:00 0          [stack:14703]
6ad69000-6ad71000 rw-p 00000000 00:00 0 
6ad71000-6ada9000 rw-p 00000000 00:00 0 
6ada9000-6adb4000 rw-p 00000000 00:00 0 
6adb4000-6aeff000 rw-p 00000000 00:00 0 
6aeff000-6af07000 rw-p 00000000 00:00 0 
6af07000-6af3f000 rw-p 00000000 00:00 0 
6af3f000-6af4a000 rw-p 00000000 00:00 0 
6af4a000-6b094000 rw-p 00000000 00:00 0 
6b094000-6b0a9000 rw-p 00000000 00:00 0 
6b0a9000-6b13f000 rw-p 00000000 00:00 0 
6b13f000-6c140000 rw-p 00000000 00:00 0 
6c140000-73140000 rw-p 00000000 00:00 0 
73140000-745c0000 rw-p 00000000 00:00 0 
745c0000-9dbc0000 rw-p 00000000 00:00 0 
9dbc0000-a03c0000 rw-p 00000000 00:00 0 
a2740000-b3140000 rw-p 00000000 00:00 0 
b3140000-b3149000 rw-p 00000000 00:00 0 
b3149000-b3200000 rw-p 00000000 00:00 0 
b3200000-b3440000 rwxp 00000000 00:00 0 
b3440000-b62fd000 rw-p 00000000 00:00 0 
b62fd000-b6300000 ---p 00000000 00:00 0 
b6301000-b6303000 r--s 00006000 08:01 266660     /usr/share/java/java-atk-wrapper.jar
b6303000-b6304000 r--s 00002000 08:01 828        /usr/lib/jvm/java-7-openjdk-i386/jre/lib/ext/dnsns.jar
b6304000-b630f000 r-xp 00000000 08:01 2490406    /lib/i386-linux-gnu/libnss_files-2.19.so
b630f000-b6310000 r--p 0000a000 08:01 2490406    /lib/i386-linux-gnu/libnss_files-2.19.so
b6310000-b6311000 rw-p 0000b000 08:01 2490406    /lib/i386-linux-gnu/libnss_files-2.19.so
b6311000-b631b000 r-xp 00000000 08:01 2490396    /lib/i386-linux-gnu/libnss_nis-2.19.so
b631b000-b631c000 r--p 00009000 08:01 2490396    /lib/i386-linux-gnu/libnss_nis-2.19.so
b631c000-b631d000 rw-p 0000a000 08:01 2490396    /lib/i386-linux-gnu/libnss_nis-2.19.so
b631d000-b6332000 r-xp 00000000 08:01 2490410    /lib/i386-linux-gnu/libnsl-2.19.so
b6332000-b6333000 r--p 00015000 08:01 2490410    /lib/i386-linux-gnu/libnsl-2.19.so
b6333000-b6334000 rw-p 00016000 08:01 2490410    /lib/i386-linux-gnu/libnsl-2.19.so
b6334000-b6336000 rw-p 00000000 00:00 0 
b6336000-b633d000 r-xp 00000000 08:01 2490429    /lib/i386-linux-gnu/libnss_compat-2.19.so
b633d000-b633e000 r--p 00006000 08:01 2490429    /lib/i386-linux-gnu/libnss_compat-2.19.so
b633e000-b633f000 rw-p 00007000 08:01 2490429    /lib/i386-linux-gnu/libnss_compat-2.19.so
b633f000-b6343000 r--s 00034000 08:01 1253       /usr/lib/jvm/java-7-openjdk-i386/jre/lib/ext/sunjce_provider.jar
b6343000-b6346000 r--s 0000f000 08:01 1247       /usr/lib/jvm/java-7-openjdk-i386/jre/lib/ext/icedtea-sound.jar
b6346000-b634e000 r-xp 00000000 08:01 4601671    /usr/lib/jvm/java-7-openjdk-i386/jre/lib/i386/libzip.so
b634e000-b634f000 r--p 00007000 08:01 4601671    /usr/lib/jvm/java-7-openjdk-i386/jre/lib/i386/libzip.so
b634f000-b6350000 rw-p 00008000 08:01 4601671    /usr/lib/jvm/java-7-openjdk-i386/jre/lib/i386/libzip.so
b6350000-b6358000 rw-s 00000000 08:01 2902521    /tmp/hsperfdata_musikdk/14681
b6358000-b637e000 r-xp 00000000 08:01 4601669    /usr/lib/jvm/java-7-openjdk-i386/jre/lib/i386/libjava.so
b637e000-b637f000 r--p 00025000 08:01 4601669    /usr/lib/jvm/java-7-openjdk-i386/jre/lib/i386/libjava.so
b637f000-b6380000 rw-p 00026000 08:01 4601669    /usr/lib/jvm/java-7-openjdk-i386/jre/lib/i386/libjava.so
b6380000-b6387000 r-xp 00000000 08:01 2490405    /lib/i386-linux-gnu/librt-2.19.so
b6387000-b6388000 r--p 00006000 08:01 2490405    /lib/i386-linux-gnu/librt-2.19.so
b6388000-b6389000 rw-p 00007000 08:01 2490405    /lib/i386-linux-gnu/librt-2.19.so
b6389000-b638a000 ---p 00000000 00:00 0 
b638a000-b63da000 rwxp 00000000 00:00 0          [stack:14701]
b63da000-b63f6000 r-xp 00000000 08:01 2490468    /lib/i386-linux-gnu/libgcc_s.so.1
b63f6000-b63f7000 r--p 0001b000 08:01 2490468    /lib/i386-linux-gnu/libgcc_s.so.1
b63f7000-b63f8000 rw-p 0001c000 08:01 2490468    /lib/i386-linux-gnu/libgcc_s.so.1
b63f8000-b643c000 r-xp 00000000 08:01 2490412    /lib/i386-linux-gnu/libm-2.19.so
b643c000-b643d000 r--p 00043000 08:01 2490412    /lib/i386-linux-gnu/libm-2.19.so
b643d000-b643e000 rw-p 00044000 08:01 2490412    /lib/i386-linux-gnu/libm-2.19.so
b643e000-b6527000 r-xp 00000000 08:01 4597710    /usr/lib/i386-linux-gnu/libstdc++.so.6.0.20
b6527000-b652b000 r--p 000e9000 08:01 4597710    /usr/lib/i386-linux-gnu/libstdc++.so.6.0.20
b652b000-b652c000 rw-p 000ed000 08:01 4597710    /usr/lib/i386-linux-gnu/libstdc++.so.6.0.20
b652c000-b6533000 rw-p 00000000 00:00 0 
b6533000-b7079000 r-xp 00000000 08:01 4601700    /usr/lib/jvm/java-7-openjdk-i386/jre/lib/i386/server/libjvm.so
b7079000-b70cd000 r--p 00b45000 08:01 4601700    /usr/lib/jvm/java-7-openjdk-i386/jre/lib/i386/server/libjvm.so
b70cd000-b70e1000 rw-p 00b99000 08:01 4601700    /usr/lib/jvm/java-7-openjdk-i386/jre/lib/i386/server/libjvm.so
b70e1000-b7500000 rw-p 00000000 00:00 0 
b7500000-b7518000 r-xp 00000000 08:01 2491475    /lib/i386-linux-gnu/libz.so.1.2.8
b7518000-b7519000 r--p 00017000 08:01 2491475    /lib/i386-linux-gnu/libz.so.1.2.8
b7519000-b751a000 rw-p 00018000 08:01 2491475    /lib/i386-linux-gnu/libz.so.1.2.8
b751a000-b7532000 r-xp 00000000 08:01 2490420    /lib/i386-linux-gnu/libpthread-2.19.so
b7532000-b7534000 r--p 00017000 08:01 2490420    /lib/i386-linux-gnu/libpthread-2.19.so
b7534000-b7535000 rw-p 00019000 08:01 2490420    /lib/i386-linux-gnu/libpthread-2.19.so
b7535000-b7537000 rw-p 00000000 00:00 0 
b7537000-b753a000 r-xp 00000000 08:01 2490446    /lib/i386-linux-gnu/libdl-2.19.so
b753a000-b753b000 r--p 00002000 08:01 2490446    /lib/i386-linux-gnu/libdl-2.19.so
b753b000-b753c000 rw-p 00003000 08:01 2490446    /lib/i386-linux-gnu/libdl-2.19.so
b753c000-b76e3000 r-xp 00000000 08:01 2490428    /lib/i386-linux-gnu/libc-2.19.so
b76e3000-b76e5000 r--p 001a7000 08:01 2490428    /lib/i386-linux-gnu/libc-2.19.so
b76e5000-b76e6000 rw-p 001a9000 08:01 2490428    /lib/i386-linux-gnu/libc-2.19.so
b76e6000-b76e9000 rw-p 00000000 00:00 0 
b76e9000-b76eb000 r--s 00012000 08:01 1251       /usr/lib/jvm/java-7-openjdk-i386/jre/lib/ext/zipfs.jar
b76eb000-b76ee000 r--s 00086000 08:01 1249       /usr/lib/jvm/java-7-openjdk-i386/jre/lib/ext/localedata.jar
b76ee000-b76ef000 r--p 002c5000 08:01 4594344    /usr/lib/locale/locale-archive
b76ef000-b76f0000 rw-p 00000000 00:00 0 
b76f0000-b76f1000 ---p 00000000 00:00 0 
b76f1000-b76ff000 r-xp 00000000 08:01 4601688    /usr/lib/jvm/java-7-openjdk-i386/jre/lib/i386/libverify.so
b76ff000-b7701000 r--p 0000d000 08:01 4601688    /usr/lib/jvm/java-7-openjdk-i386/jre/lib/i386/libverify.so
b7701000-b7702000 rw-p 0000f000 08:01 4601688    /usr/lib/jvm/java-7-openjdk-i386/jre/lib/i386/libverify.so
b7702000-b770e000 r-xp 00000000 08:01 4601702    /usr/lib/jvm/java-7-openjdk-i386/jre/lib/i386/jli/libjli.so
b770e000-b770f000 r--p 0000b000 08:01 4601702    /usr/lib/jvm/java-7-openjdk-i386/jre/lib/i386/jli/libjli.so
b770f000-b7710000 rw-p 0000c000 08:01 4601702    /usr/lib/jvm/java-7-openjdk-i386/jre/lib/i386/jli/libjli.so
b7710000-b7713000 rw-p 00000000 00:00 0 
b7713000-b7714000 r-xp 00000000 00:00 0          [vdso]
b7714000-b7716000 r--p 00000000 00:00 0          [vvar]
b7716000-b7736000 r-xp 00000000 08:01 2490409    /lib/i386-linux-gnu/ld-2.19.so
b7736000-b7737000 r--p 0001f000 08:01 2490409    /lib/i386-linux-gnu/ld-2.19.so
b7737000-b7738000 rw-p 00020000 08:01 2490409    /lib/i386-linux-gnu/ld-2.19.so
bfa16000-bfa17000 rwxp 00000000 00:00 0 
bfa49000-bfa68000 rwxp 00000000 00:00 0          [stack]
bfa68000-bfa6a000 rw-p 00000000 00:00 0 

VM Arguments:
jvm_args: -Xmx1024M 
java_command: /home/musikdk/Android/Sdk/build-tools/19.1.0/lib/dx.jar --dex --output /home/musikdk/Desktop/soundm/app/build/intermediates/pre-dexed/debug/guava-18.0-67cb96da75f80dbfc5adb976031da2685289abe3.jar /home/musikdk/.gradle/caches/modules-2/files-2.1/com.google.guava/guava/18.0/cce0823396aa693798f8882e64213b1772032b09/guava-18.0.jar
Launcher Type: SUN_STANDARD

Environment Variables:
PATH=/usr/local/sbin:/usr/local/bin:/usr/sbin:/usr/bin:/sbin:/bin:/usr/games:/usr/local/games
LD_LIBRARY_PATH=/opt/android-studio/bin:
SHELL=/bin/bash
DISPLAY=:0

Signal Handlers:
SIGSEGV: [libjvm.so+0x7ed9a0], sa_mask[0]=0x7ffbfeff, sa_flags=0x10000004
SIGBUS: 